Copyright 1986-2022 Xilinx, Inc. All Rights Reserved.
------------------------------------------------------------------------------------
| Tool Version : Vivado v.2022.2 (win64) Build 3671981 Fri Oct 14 05:00:03 MDT 2022
| Date         : Mon Dec 19 23:05:29 2022
| Host         : DESKTOP-8TG7GVV running 64-bit major release  (build 9200)
| Command      : report_control_sets -verbose -file top_control_sets_placed.rpt
| Design       : top
| Device       : xc7k325t
------------------------------------------------------------------------------------

Control Set Information

Table of Contents
-----------------
1. Summary
2. Histogram
3. Flip-Flop Distribution
4. Detailed Control Set Information

1. Summary
----------

+----------------------------------------------------------+-------+
|                          Status                          | Count |
+----------------------------------------------------------+-------+
| Total control sets                                       |     4 |
|    Minimum number of control sets                        |     4 |
|    Addition due to synthesis replication                 |     0 |
|    Addition due to physical synthesis replication        |     0 |
| Unused register locations in slices containing registers |     4 |
+----------------------------------------------------------+-------+
* Control sets can be merged at opt_design using control_set_merge or merge_equivalent_drivers
** Run report_qor_suggestions for automated merging and remapping suggestions


2. Histogram
------------

+--------------------+-------+
|       Fanout       | Count |
+--------------------+-------+
| Total control sets |     4 |
| >= 0 to < 4        |     0 |
| >= 4 to < 6        |     0 |
| >= 6 to < 8        |     0 |
| >= 8 to < 10       |     2 |
| >= 10 to < 12      |     0 |
| >= 12 to < 14      |     0 |
| >= 14 to < 16      |     0 |
| >= 16              |     2 |
+--------------------+-------+
* Control sets can be remapped at either synth_design or opt_design


3. Flip-Flop Distribution
-------------------------

+--------------+-----------------------+------------------------+-----------------+--------------+
| Clock Enable | Synchronous Set/Reset | Asynchronous Set/Reset | Total Registers | Total Slices |
+--------------+-----------------------+------------------------+-----------------+--------------+
| No           | No                    | No                     |               0 |            0 |
| No           | No                    | Yes                    |              28 |            9 |
| No           | Yes                   | No                     |               0 |            0 |
| Yes          | No                    | No                     |               0 |            0 |
| Yes          | No                    | Yes                    |              32 |           13 |
| Yes          | Yes                   | No                     |               0 |            0 |
+--------------+-----------------------+------------------------+-----------------+--------------+


4. Detailed Control Set Information
-----------------------------------

+-------------------------------+----------------------------+-----------------------------+------------------+----------------+--------------+
|          Clock Signal         |        Enable Signal       |       Set/Reset Signal      | Slice Load Count | Bel Load Count | Bels / Slice |
+-------------------------------+----------------------------+-----------------------------+------------------+----------------+--------------+
|  uart_pll_inst0/inst/uart_clk | uart_rx_inst0/data_in      | uart_tx_inst0/bbstub_locked |                3 |              8 |         2.67 |
|  uart_pll_inst0/inst/uart_clk | uart_tx_inst0/data_load    | uart_tx_inst0/bbstub_locked |                3 |              8 |         2.67 |
|  uart_pll_inst0/inst/uart_clk | uart_rx_inst0/data_bit_cnt | uart_tx_inst0/bbstub_locked |                7 |             16 |         2.29 |
|  uart_pll_inst0/inst/uart_clk |                            | uart_tx_inst0/bbstub_locked |                9 |             28 |         3.11 |
+-------------------------------+----------------------------+-----------------------------+------------------+----------------+--------------+


